amnestychinese
	amnestychinese	BobFu4China	Cos_similarity=0.0597
	amnestychinese	caijingxiang	Cos_similarity=0.0430
	amnestychinese	CaoChangqing	Cos_similarity=0.0491
	amnestychinese	caojitw	Cos_similarity=0.0415
	amnestychinese	chenpokong	Cos_similarity=0.0067
	amnestychinese	fangzheng1989	Cos_similarity=0.0014
	amnestychinese	GaoFalin	Cos_similarity=0.0855
	amnestychinese	gaoyu200812	Cos_similarity=0.0303
	amnestychinese	HeQinglian	Cos_similarity=0.0741
	amnestychinese	HuPing1	Cos_similarity=0.0844
	amnestychinese	juntaowang	Cos_similarity=0.0603
	amnestychinese	lengshanshipin	Cos_similarity=0.0048
	amnestychinese	lianchaohan	Cos_similarity=0.0668
	amnestychinese	liyiping1911	Cos_similarity=0.0213
	amnestychinese	milpitas95035	Cos_similarity=0.0532
	amnestychinese	MingJingNews	Cos_similarity=0.0411
	amnestychinese	MJTVxchen15	Cos_similarity=0.0118
	amnestychinese	realjiangfeng	Cos_similarity=0.0058
	amnestychinese	rongjian1957	Cos_similarity=0.0309
	amnestychinese	shijianxingzou	Cos_similarity=0.0800
	amnestychinese	tangbaiqiao	Cos_similarity=0.0097
	amnestychinese	wangdan1989	Cos_similarity=0.0470
	amnestychinese	wenzhaocomment	Cos_similarity=0.0195
	amnestychinese	wlixiong	Cos_similarity=0.0139
	amnestychinese	wongkim728	Cos_similarity=0.0151
	amnestychinese	wuerkaixi	Cos_similarity=0.0253
	amnestychinese	wuzuolai	Cos_similarity=0.0923
	amnestychinese	XiaYeliang	Cos_similarity=0.0180
	amnestychinese	yangjianli001	Cos_similarity=0.0885
Average cosine similarity=0.0407

BobFu4China
	BobFu4China	amnestychinese	Cos_similarity=0.0554
	BobFu4China	caijingxiang	Cos_similarity=0.0532
	BobFu4China	CaoChangqing	Cos_similarity=0.0744
	BobFu4China	caojitw	Cos_similarity=0.0519
	BobFu4China	chenpokong	Cos_similarity=0.0153
	BobFu4China	fangzheng1989	Cos_similarity=0.0055
	BobFu4China	GaoFalin	Cos_similarity=0.0754
	BobFu4China	gaoyu200812	Cos_similarity=0.0539
	BobFu4China	HeQinglian	Cos_similarity=0.1065
	BobFu4China	HuPing1	Cos_similarity=0.1153
	BobFu4China	juntaowang	Cos_similarity=0.0843
	BobFu4China	lengshanshipin	Cos_similarity=0.0091
	BobFu4China	lianchaohan	Cos_similarity=0.0858
	BobFu4China	liyiping1911	Cos_similarity=0.0309
	BobFu4China	milpitas95035	Cos_similarity=0.0778
	BobFu4China	MingJingNews	Cos_similarity=0.0606
	BobFu4China	MJTVxchen15	Cos_similarity=0.0261
	BobFu4China	realjiangfeng	Cos_similarity=0.0127
	BobFu4China	rongjian1957	Cos_similarity=0.0416
	BobFu4China	shijianxingzou	Cos_similarity=0.1591
	BobFu4China	tangbaiqiao	Cos_similarity=0.0145
	BobFu4China	wangdan1989	Cos_similarity=0.0750
	BobFu4China	wenzhaocomment	Cos_similarity=0.0373
	BobFu4China	wlixiong	Cos_similarity=0.0203
	BobFu4China	wongkim728	Cos_similarity=0.0261
	BobFu4China	wuerkaixi	Cos_similarity=0.0278
	BobFu4China	wuzuolai	Cos_similarity=0.1444
	BobFu4China	XiaYeliang	Cos_similarity=0.0280
	BobFu4China	yangjianli001	Cos_similarity=0.1148
Average cosine similarity=0.0580

caijingxiang
	caijingxiang	amnestychinese	Cos_similarity=0.0379
	caijingxiang	BobFu4China	Cos_similarity=0.0503
	caijingxiang	CaoChangqing	Cos_similarity=0.0876
	caijingxiang	caojitw	Cos_similarity=0.2584
	caijingxiang	chenpokong	Cos_similarity=0.0165
	caijingxiang	fangzheng1989	Cos_similarity=0.0017
	caijingxiang	GaoFalin	Cos_similarity=0.1016
	caijingxiang	gaoyu200812	Cos_similarity=0.0599
	caijingxiang	HeQinglian	Cos_similarity=0.1748
	caijingxiang	HuPing1	Cos_similarity=0.1534
	caijingxiang	juntaowang	Cos_similarity=0.0951
	caijingxiang	lengshanshipin	Cos_similarity=0.0722
	caijingxiang	lianchaohan	Cos_similarity=0.0820
	caijingxiang	liyiping1911	Cos_similarity=0.0370
	caijingxiang	milpitas95035	Cos_similarity=0.0502
	caijingxiang	MingJingNews	Cos_similarity=0.1184
	caijingxiang	MJTVxchen15	Cos_similarity=0.0200
	caijingxiang	realjiangfeng	Cos_similarity=0.0194
	caijingxiang	rongjian1957	Cos_similarity=0.0788
	caijingxiang	shijianxingzou	Cos_similarity=0.1628
	caijingxiang	tangbaiqiao	Cos_similarity=0.0131
	caijingxiang	wangdan1989	Cos_similarity=0.0544
	caijingxiang	wenzhaocomment	Cos_similarity=0.0450
	caijingxiang	wlixiong	Cos_similarity=0.0300
	caijingxiang	wongkim728	Cos_similarity=0.0559
	caijingxiang	wuerkaixi	Cos_similarity=0.0418
	caijingxiang	wuzuolai	Cos_similarity=0.1441
	caijingxiang	XiaYeliang	Cos_similarity=0.0518
	caijingxiang	yangjianli001	Cos_similarity=0.0976
Average cosine similarity=0.0763

CaoChangqing
	CaoChangqing	amnestychinese	Cos_similarity=0.0426
	CaoChangqing	BobFu4China	Cos_similarity=0.0700
	CaoChangqing	caijingxiang	Cos_similarity=0.0882
	CaoChangqing	caojitw	Cos_similarity=0.0992
	CaoChangqing	chenpokong	Cos_similarity=0.0181
	CaoChangqing	fangzheng1989	Cos_similarity=0.0166
	CaoChangqing	GaoFalin	Cos_similarity=0.1015
	CaoChangqing	gaoyu200812	Cos_similarity=0.0522
	CaoChangqing	HeQinglian	Cos_similarity=0.2692
	CaoChangqing	HuPing1	Cos_similarity=0.1897
	CaoChangqing	juntaowang	Cos_similarity=0.1325
	CaoChangqing	lengshanshipin	Cos_similarity=0.0115
	CaoChangqing	lianchaohan	Cos_similarity=0.0890
	CaoChangqing	liyiping1911	Cos_similarity=0.0448
	CaoChangqing	milpitas95035	Cos_similarity=0.0654
	CaoChangqing	MingJingNews	Cos_similarity=0.0742
	CaoChangqing	MJTVxchen15	Cos_similarity=0.0265
	CaoChangqing	realjiangfeng	Cos_similarity=0.0266
	CaoChangqing	rongjian1957	Cos_similarity=0.0623
	CaoChangqing	shijianxingzou	Cos_similarity=0.2083
	CaoChangqing	tangbaiqiao	Cos_similarity=0.0222
	CaoChangqing	wangdan1989	Cos_similarity=0.0608
	CaoChangqing	wenzhaocomment	Cos_similarity=0.0528
	CaoChangqing	wlixiong	Cos_similarity=0.0355
	CaoChangqing	wongkim728	Cos_similarity=0.0259
	CaoChangqing	wuerkaixi	Cos_similarity=0.0429
	CaoChangqing	wuzuolai	Cos_similarity=0.2127
	CaoChangqing	XiaYeliang	Cos_similarity=0.0471
	CaoChangqing	yangjianli001	Cos_similarity=0.0955
Average cosine similarity=0.0787

caojitw
	caojitw	amnestychinese	Cos_similarity=0.0381
	caojitw	BobFu4China	Cos_similarity=0.0511
	caojitw	caijingxiang	Cos_similarity=0.2700
	caojitw	CaoChangqing	Cos_similarity=0.1025
	caojitw	chenpokong	Cos_similarity=0.0113
	caojitw	fangzheng1989	Cos_similarity=0.0045
	caojitw	GaoFalin	Cos_similarity=0.1087
	caojitw	gaoyu200812	Cos_similarity=0.0518
	caojitw	HeQinglian	Cos_similarity=0.1906
	caojitw	HuPing1	Cos_similarity=0.1635
	caojitw	juntaowang	Cos_similarity=0.1074
	caojitw	lengshanshipin	Cos_similarity=0.0423
	caojitw	lianchaohan	Cos_similarity=0.0912
	caojitw	liyiping1911	Cos_similarity=0.0421
	caojitw	milpitas95035	Cos_similarity=0.0591
	caojitw	MingJingNews	Cos_similarity=0.1326
	caojitw	MJTVxchen15	Cos_similarity=0.0199
	caojitw	realjiangfeng	Cos_similarity=0.0234
	caojitw	rongjian1957	Cos_similarity=0.0696
	caojitw	shijianxingzou	Cos_similarity=0.1575
	caojitw	tangbaiqiao	Cos_similarity=0.0178
	caojitw	wangdan1989	Cos_similarity=0.0793
	caojitw	wenzhaocomment	Cos_similarity=0.0446
	caojitw	wlixiong	Cos_similarity=0.0432
	caojitw	wongkim728	Cos_similarity=0.0420
	caojitw	wuerkaixi	Cos_similarity=0.0561
	caojitw	wuzuolai	Cos_similarity=0.1554
	caojitw	XiaYeliang	Cos_similarity=0.0531
	caojitw	yangjianli001	Cos_similarity=0.1021
Average cosine similarity=0.0804

chenpokong
	chenpokong	amnestychinese	Cos_similarity=0.0057
	chenpokong	BobFu4China	Cos_similarity=0.0142
	chenpokong	caijingxiang	Cos_similarity=0.0160
	chenpokong	CaoChangqing	Cos_similarity=0.0173
	chenpokong	caojitw	Cos_similarity=0.0105
	chenpokong	fangzheng1989	Cos_similarity=0.0009
	chenpokong	GaoFalin	Cos_similarity=0.0286
	chenpokong	gaoyu200812	Cos_similarity=0.0139
	chenpokong	HeQinglian	Cos_similarity=0.0229
	chenpokong	HuPing1	Cos_similarity=0.0231
	chenpokong	juntaowang	Cos_similarity=0.0124
	chenpokong	lengshanshipin	Cos_similarity=0.0090
	chenpokong	lianchaohan	Cos_similarity=0.0092
	chenpokong	liyiping1911	Cos_similarity=0.0137
	chenpokong	milpitas95035	Cos_similarity=0.0272
	chenpokong	MingJingNews	Cos_similarity=0.0326
	chenpokong	MJTVxchen15	Cos_similarity=0.0073
	chenpokong	realjiangfeng	Cos_similarity=0.0227
	chenpokong	rongjian1957	Cos_similarity=0.0385
	chenpokong	shijianxingzou	Cos_similarity=0.0223
	chenpokong	tangbaiqiao	Cos_similarity=0.0026
	chenpokong	wangdan1989	Cos_similarity=0.0739
	chenpokong	wenzhaocomment	Cos_similarity=0.0300
	chenpokong	wlixiong	Cos_similarity=0.0066
	chenpokong	wongkim728	Cos_similarity=0.0284
	chenpokong	wuerkaixi	Cos_similarity=0.0062
	chenpokong	wuzuolai	Cos_similarity=0.0208
	chenpokong	XiaYeliang	Cos_similarity=0.0096
	chenpokong	yangjianli001	Cos_similarity=0.0175
Average cosine similarity=0.0187

fangzheng1989
	fangzheng1989	amnestychinese	Cos_similarity=0.0011
	fangzheng1989	BobFu4China	Cos_similarity=0.0047
	fangzheng1989	caijingxiang	Cos_similarity=0.0015
	fangzheng1989	CaoChangqing	Cos_similarity=0.0152
	fangzheng1989	caojitw	Cos_similarity=0.0039
	fangzheng1989	chenpokong	Cos_similarity=0.0008
	fangzheng1989	GaoFalin	Cos_similarity=0.0060
	fangzheng1989	gaoyu200812	Cos_similarity=0.0042
	fangzheng1989	HeQinglian	Cos_similarity=0.0118
	fangzheng1989	HuPing1	Cos_similarity=0.0102
	fangzheng1989	juntaowang	Cos_similarity=0.0085
	fangzheng1989	lengshanshipin	Cos_similarity=0.0002
	fangzheng1989	lianchaohan	Cos_similarity=0.0021
	fangzheng1989	liyiping1911	Cos_similarity=0.0065
	fangzheng1989	milpitas95035	Cos_similarity=0.0065
	fangzheng1989	MingJingNews	Cos_similarity=0.0027
	fangzheng1989	MJTVxchen15	Cos_similarity=0.0025
	fangzheng1989	realjiangfeng	Cos_similarity=0.0049
	fangzheng1989	rongjian1957	Cos_similarity=0.0333
	fangzheng1989	shijianxingzou	Cos_similarity=0.0090
	fangzheng1989	tangbaiqiao	Cos_similarity=0.0027
	fangzheng1989	wangdan1989	Cos_similarity=0.0025
	fangzheng1989	wenzhaocomment	Cos_similarity=0.0023
	fangzheng1989	wlixiong	Cos_similarity=0.0010
	fangzheng1989	wongkim728	Cos_similarity=0.0038
	fangzheng1989	wuerkaixi	Cos_similarity=0.0043
	fangzheng1989	wuzuolai	Cos_similarity=0.0100
	fangzheng1989	XiaYeliang	Cos_similarity=0.0007
	fangzheng1989	yangjianli001	Cos_similarity=0.0063
Average cosine similarity=0.0058

GaoFalin
	GaoFalin	amnestychinese	Cos_similarity=0.0782
	GaoFalin	BobFu4China	Cos_similarity=0.0766
	GaoFalin	caijingxiang	Cos_similarity=0.1096
	GaoFalin	CaoChangqing	Cos_similarity=0.1080
	GaoFalin	caojitw	Cos_similarity=0.1117
	GaoFalin	chenpokong	Cos_similarity=0.0320
	GaoFalin	fangzheng1989	Cos_similarity=0.0070
	GaoFalin	gaoyu200812	Cos_similarity=0.1025
	GaoFalin	HeQinglian	Cos_similarity=0.1981
	GaoFalin	HuPing1	Cos_similarity=0.2191
	GaoFalin	juntaowang	Cos_similarity=0.1581
	GaoFalin	lengshanshipin	Cos_similarity=0.0263
	GaoFalin	lianchaohan	Cos_similarity=0.1022
	GaoFalin	liyiping1911	Cos_similarity=0.0517
	GaoFalin	milpitas95035	Cos_similarity=0.0603
	GaoFalin	MingJingNews	Cos_similarity=0.1943
	GaoFalin	MJTVxchen15	Cos_similarity=0.0473
	GaoFalin	realjiangfeng	Cos_similarity=0.0274
	GaoFalin	rongjian1957	Cos_similarity=0.1037
	GaoFalin	shijianxingzou	Cos_similarity=0.1646
	GaoFalin	tangbaiqiao	Cos_similarity=0.0197
	GaoFalin	wangdan1989	Cos_similarity=0.0973
	GaoFalin	wenzhaocomment	Cos_similarity=0.0649
	GaoFalin	wlixiong	Cos_similarity=0.0459
	GaoFalin	wongkim728	Cos_similarity=0.0391
	GaoFalin	wuerkaixi	Cos_similarity=0.0580
	GaoFalin	wuzuolai	Cos_similarity=0.2011
	GaoFalin	XiaYeliang	Cos_similarity=0.0595
	GaoFalin	yangjianli001	Cos_similarity=0.1305
Average cosine similarity=0.0929

gaoyu200812
	gaoyu200812	amnestychinese	Cos_similarity=0.0290
	gaoyu200812	BobFu4China	Cos_similarity=0.0556
	gaoyu200812	caijingxiang	Cos_similarity=0.0649
	gaoyu200812	CaoChangqing	Cos_similarity=0.0571
	gaoyu200812	caojitw	Cos_similarity=0.0540
	gaoyu200812	chenpokong	Cos_similarity=0.0156
	gaoyu200812	fangzheng1989	Cos_similarity=0.0050
	gaoyu200812	GaoFalin	Cos_similarity=0.1041
	gaoyu200812	HeQinglian	Cos_similarity=0.1053
	gaoyu200812	HuPing1	Cos_similarity=0.1130
	gaoyu200812	juntaowang	Cos_similarity=0.0964
	gaoyu200812	lengshanshipin	Cos_similarity=0.0099
	gaoyu200812	lianchaohan	Cos_similarity=0.0676
	gaoyu200812	liyiping1911	Cos_similarity=0.0308
	gaoyu200812	milpitas95035	Cos_similarity=0.0299
	gaoyu200812	MingJingNews	Cos_similarity=0.0598
	gaoyu200812	MJTVxchen15	Cos_similarity=0.0154
	gaoyu200812	realjiangfeng	Cos_similarity=0.0146
	gaoyu200812	rongjian1957	Cos_similarity=0.1168
	gaoyu200812	shijianxingzou	Cos_similarity=0.0860
	gaoyu200812	tangbaiqiao	Cos_similarity=0.0097
	gaoyu200812	wangdan1989	Cos_similarity=0.0569
	gaoyu200812	wenzhaocomment	Cos_similarity=0.0317
	gaoyu200812	wlixiong	Cos_similarity=0.0236
	gaoyu200812	wongkim728	Cos_similarity=0.0197
	gaoyu200812	wuerkaixi	Cos_similarity=0.0267
	gaoyu200812	wuzuolai	Cos_similarity=0.1172
	gaoyu200812	XiaYeliang	Cos_similarity=0.0390
	gaoyu200812	yangjianli001	Cos_similarity=0.0661
Average cosine similarity=0.0525

HeQinglian
	HeQinglian	amnestychinese	Cos_similarity=0.0638
	HeQinglian	BobFu4China	Cos_similarity=0.0993
	HeQinglian	caijingxiang	Cos_similarity=0.1717
	HeQinglian	CaoChangqing	Cos_similarity=0.2578
	HeQinglian	caojitw	Cos_similarity=0.1798
	HeQinglian	chenpokong	Cos_similarity=0.0235
	HeQinglian	fangzheng1989	Cos_similarity=0.0126
	HeQinglian	GaoFalin	Cos_similarity=0.1816
	HeQinglian	gaoyu200812	Cos_similarity=0.0952
	HeQinglian	HuPing1	Cos_similarity=0.3014
	HeQinglian	juntaowang	Cos_similarity=0.2493
	HeQinglian	lengshanshipin	Cos_similarity=0.0215
	HeQinglian	lianchaohan	Cos_similarity=0.1357
	HeQinglian	liyiping1911	Cos_similarity=0.0798
	HeQinglian	milpitas95035	Cos_similarity=0.1012
	HeQinglian	MingJingNews	Cos_similarity=0.1072
	HeQinglian	MJTVxchen15	Cos_similarity=0.0411
	HeQinglian	realjiangfeng	Cos_similarity=0.0311
	HeQinglian	rongjian1957	Cos_similarity=0.1158
	HeQinglian	shijianxingzou	Cos_similarity=0.3095
	HeQinglian	tangbaiqiao	Cos_similarity=0.0387
	HeQinglian	wangdan1989	Cos_similarity=0.1082
	HeQinglian	wenzhaocomment	Cos_similarity=0.0913
	HeQinglian	wlixiong	Cos_similarity=0.0765
	HeQinglian	wongkim728	Cos_similarity=0.0527
	HeQinglian	wuerkaixi	Cos_similarity=0.0874
	HeQinglian	wuzuolai	Cos_similarity=0.3279
	HeQinglian	XiaYeliang	Cos_similarity=0.0903
	HeQinglian	yangjianli001	Cos_similarity=0.1611
Average cosine similarity=0.1246

HuPing1
	HuPing1	amnestychinese	Cos_similarity=0.0724
	HuPing1	BobFu4China	Cos_similarity=0.1070
	HuPing1	caijingxiang	Cos_similarity=0.1518
	HuPing1	CaoChangqing	Cos_similarity=0.1853
	HuPing1	caojitw	Cos_similarity=0.1528
	HuPing1	chenpokong	Cos_similarity=0.0235
	HuPing1	fangzheng1989	Cos_similarity=0.0109
	HuPing1	GaoFalin	Cos_similarity=0.2040
	HuPing1	gaoyu200812	Cos_similarity=0.1018
	HuPing1	HeQinglian	Cos_similarity=0.2979
	HuPing1	juntaowang	Cos_similarity=0.2358
	HuPing1	lengshanshipin	Cos_similarity=0.0222
	HuPing1	lianchaohan	Cos_similarity=0.1450
	HuPing1	liyiping1911	Cos_similarity=0.0679
	HuPing1	milpitas95035	Cos_similarity=0.0892
	HuPing1	MingJingNews	Cos_similarity=0.1698
	HuPing1	MJTVxchen15	Cos_similarity=0.0984
	HuPing1	realjiangfeng	Cos_similarity=0.0291
	HuPing1	rongjian1957	Cos_similarity=0.1132
	HuPing1	shijianxingzou	Cos_similarity=0.2381
	HuPing1	tangbaiqiao	Cos_similarity=0.0281
	HuPing1	wangdan1989	Cos_similarity=0.1116
	HuPing1	wenzhaocomment	Cos_similarity=0.0875
	HuPing1	wlixiong	Cos_similarity=0.0677
	HuPing1	wongkim728	Cos_similarity=0.0468
	HuPing1	wuerkaixi	Cos_similarity=0.0804
	HuPing1	wuzuolai	Cos_similarity=0.3022
	HuPing1	XiaYeliang	Cos_similarity=0.0622
	HuPing1	yangjianli001	Cos_similarity=0.1899
Average cosine similarity=0.1204

juntaowang
	juntaowang	amnestychinese	Cos_similarity=0.0527
	juntaowang	BobFu4China	Cos_similarity=0.0801
	juntaowang	caijingxiang	Cos_similarity=0.0962
	juntaowang	CaoChangqing	Cos_similarity=0.1334
	juntaowang	caojitw	Cos_similarity=0.1037
	juntaowang	chenpokong	Cos_similarity=0.0129
	juntaowang	fangzheng1989	Cos_similarity=0.0091
	juntaowang	GaoFalin	Cos_similarity=0.1485
	juntaowang	gaoyu200812	Cos_similarity=0.0885
	juntaowang	HeQinglian	Cos_similarity=0.2552
	juntaowang	HuPing1	Cos_similarity=0.2423
	juntaowang	lengshanshipin	Cos_similarity=0.0134
	juntaowang	lianchaohan	Cos_similarity=0.1074
	juntaowang	liyiping1911	Cos_similarity=0.0781
	juntaowang	milpitas95035	Cos_similarity=0.0673
	juntaowang	MingJingNews	Cos_similarity=0.0677
	juntaowang	MJTVxchen15	Cos_similarity=0.0251
	juntaowang	realjiangfeng	Cos_similarity=0.0185
	juntaowang	rongjian1957	Cos_similarity=0.0905
	juntaowang	shijianxingzou	Cos_similarity=0.1660
	juntaowang	tangbaiqiao	Cos_similarity=0.0163
	juntaowang	wangdan1989	Cos_similarity=0.1028
	juntaowang	wenzhaocomment	Cos_similarity=0.0665
	juntaowang	wlixiong	Cos_similarity=0.0860
	juntaowang	wongkim728	Cos_similarity=0.0321
	juntaowang	wuerkaixi	Cos_similarity=0.0922
	juntaowang	wuzuolai	Cos_similarity=0.2551
	juntaowang	XiaYeliang	Cos_similarity=0.0582
	juntaowang	yangjianli001	Cos_similarity=0.1289
Average cosine similarity=0.0929

lengshanshipin
	lengshanshipin	amnestychinese	Cos_similarity=0.0077
	lengshanshipin	BobFu4China	Cos_similarity=0.0157
	lengshanshipin	caijingxiang	Cos_similarity=0.1279
	lengshanshipin	CaoChangqing	Cos_similarity=0.0212
	lengshanshipin	caojitw	Cos_similarity=0.0726
	lengshanshipin	chenpokong	Cos_similarity=0.0167
	lengshanshipin	fangzheng1989	Cos_similarity=0.0005
	lengshanshipin	GaoFalin	Cos_similarity=0.0446
	lengshanshipin	gaoyu200812	Cos_similarity=0.0166
	lengshanshipin	HeQinglian	Cos_similarity=0.0397
	lengshanshipin	HuPing1	Cos_similarity=0.0409
	lengshanshipin	juntaowang	Cos_similarity=0.0244
	lengshanshipin	lianchaohan	Cos_similarity=0.0186
	lengshanshipin	liyiping1911	Cos_similarity=0.0108
	lengshanshipin	milpitas95035	Cos_similarity=0.0155
	lengshanshipin	MingJingNews	Cos_similarity=0.0523
	lengshanshipin	MJTVxchen15	Cos_similarity=0.0073
	lengshanshipin	realjiangfeng	Cos_similarity=0.0291
	lengshanshipin	rongjian1957	Cos_similarity=0.0185
	lengshanshipin	shijianxingzou	Cos_similarity=0.0391
	lengshanshipin	tangbaiqiao	Cos_similarity=0.0035
	lengshanshipin	wangdan1989	Cos_similarity=0.0285
	lengshanshipin	wenzhaocomment	Cos_similarity=0.0330
	lengshanshipin	wlixiong	Cos_similarity=0.0105
	lengshanshipin	wongkim728	Cos_similarity=0.0294
	lengshanshipin	wuerkaixi	Cos_similarity=0.0071
	lengshanshipin	wuzuolai	Cos_similarity=0.0351
	lengshanshipin	XiaYeliang	Cos_similarity=0.0105
	lengshanshipin	yangjianli001	Cos_similarity=0.0201
Average cosine similarity=0.0275

lianchaohan
	lianchaohan	amnestychinese	Cos_similarity=0.0627
	lianchaohan	BobFu4China	Cos_similarity=0.0870
	lianchaohan	caijingxiang	Cos_similarity=0.0880
	lianchaohan	CaoChangqing	Cos_similarity=0.0946
	lianchaohan	caojitw	Cos_similarity=0.0933
	lianchaohan	chenpokong	Cos_similarity=0.0102
	lianchaohan	fangzheng1989	Cos_similarity=0.0024
	lianchaohan	GaoFalin	Cos_similarity=0.1016
	lianchaohan	gaoyu200812	Cos_similarity=0.0660
	lianchaohan	HeQinglian	Cos_similarity=0.1481
	lianchaohan	HuPing1	Cos_similarity=0.1576
	lianchaohan	juntaowang	Cos_similarity=0.1143
	lianchaohan	lengshanshipin	Cos_similarity=0.0108
	lianchaohan	liyiping1911	Cos_similarity=0.0474
	lianchaohan	milpitas95035	Cos_similarity=0.1175
	lianchaohan	MingJingNews	Cos_similarity=0.0794
	lianchaohan	MJTVxchen15	Cos_similarity=0.0346
	lianchaohan	realjiangfeng	Cos_similarity=0.0192
	lianchaohan	rongjian1957	Cos_similarity=0.0666
	lianchaohan	shijianxingzou	Cos_similarity=0.2135
	lianchaohan	tangbaiqiao	Cos_similarity=0.0198
	lianchaohan	wangdan1989	Cos_similarity=0.0679
	lianchaohan	wenzhaocomment	Cos_similarity=0.0399
	lianchaohan	wlixiong	Cos_similarity=0.0263
	lianchaohan	wongkim728	Cos_similarity=0.0442
	lianchaohan	wuerkaixi	Cos_similarity=0.0408
	lianchaohan	wuzuolai	Cos_similarity=0.1647
	lianchaohan	XiaYeliang	Cos_similarity=0.0328
	lianchaohan	yangjianli001	Cos_similarity=0.1949
Average cosine similarity=0.0774

liyiping1911
	liyiping1911	amnestychinese	Cos_similarity=0.0179
	liyiping1911	BobFu4China	Cos_similarity=0.0280
	liyiping1911	caijingxiang	Cos_similarity=0.0354
	liyiping1911	CaoChangqing	Cos_similarity=0.0425
	liyiping1911	caojitw	Cos_similarity=0.0387
	liyiping1911	chenpokong	Cos_similarity=0.0135
	liyiping1911	fangzheng1989	Cos_similarity=0.0069
	liyiping1911	GaoFalin	Cos_similarity=0.0458
	liyiping1911	gaoyu200812	Cos_similarity=0.0271
	liyiping1911	HeQinglian	Cos_similarity=0.0766
	liyiping1911	HuPing1	Cos_similarity=0.0659
	liyiping1911	juntaowang	Cos_similarity=0.0740
	liyiping1911	lengshanshipin	Cos_similarity=0.0057
	liyiping1911	lianchaohan	Cos_similarity=0.0424
	liyiping1911	milpitas95035	Cos_similarity=0.2647
	liyiping1911	MingJingNews	Cos_similarity=0.0350
	liyiping1911	MJTVxchen15	Cos_similarity=0.0127
	liyiping1911	realjiangfeng	Cos_similarity=0.0087
	liyiping1911	rongjian1957	Cos_similarity=0.0314
	liyiping1911	shijianxingzou	Cos_similarity=0.0614
	liyiping1911	tangbaiqiao	Cos_similarity=0.0058
	liyiping1911	wangdan1989	Cos_similarity=0.0371
	liyiping1911	wenzhaocomment	Cos_similarity=0.0238
	liyiping1911	wlixiong	Cos_similarity=0.0183
	liyiping1911	wongkim728	Cos_similarity=0.0153
	liyiping1911	wuerkaixi	Cos_similarity=0.0241
	liyiping1911	wuzuolai	Cos_similarity=0.0782
	liyiping1911	XiaYeliang	Cos_similarity=0.0173
	liyiping1911	yangjianli001	Cos_similarity=0.0465
Average cosine similarity=0.0414

milpitas95035
	milpitas95035	amnestychinese	Cos_similarity=0.0538
	milpitas95035	BobFu4China	Cos_similarity=0.0845
	milpitas95035	caijingxiang	Cos_similarity=0.0581
	milpitas95035	CaoChangqing	Cos_similarity=0.0746
	milpitas95035	caojitw	Cos_similarity=0.0656
	milpitas95035	chenpokong	Cos_similarity=0.0328
	milpitas95035	fangzheng1989	Cos_similarity=0.0081
	milpitas95035	GaoFalin	Cos_similarity=0.0648
	milpitas95035	gaoyu200812	Cos_similarity=0.0320
	milpitas95035	HeQinglian	Cos_similarity=0.1165
	milpitas95035	HuPing1	Cos_similarity=0.1040
	milpitas95035	juntaowang	Cos_similarity=0.0762
	milpitas95035	lengshanshipin	Cos_similarity=0.0099
	milpitas95035	lianchaohan	Cos_similarity=0.1270
	milpitas95035	liyiping1911	Cos_similarity=0.3003
	milpitas95035	MingJingNews	Cos_similarity=0.0724
	milpitas95035	MJTVxchen15	Cos_similarity=0.0363
	milpitas95035	realjiangfeng	Cos_similarity=0.0398
	milpitas95035	rongjian1957	Cos_similarity=0.0359
	milpitas95035	shijianxingzou	Cos_similarity=0.1975
	milpitas95035	tangbaiqiao	Cos_similarity=0.0238
	milpitas95035	wangdan1989	Cos_similarity=0.0565
	milpitas95035	wenzhaocomment	Cos_similarity=0.0446
	milpitas95035	wlixiong	Cos_similarity=0.0232
	milpitas95035	wongkim728	Cos_similarity=0.0511
	milpitas95035	wuerkaixi	Cos_similarity=0.0291
	milpitas95035	wuzuolai	Cos_similarity=0.1217
	milpitas95035	XiaYeliang	Cos_similarity=0.0279
	milpitas95035	yangjianli001	Cos_similarity=0.1454
Average cosine similarity=0.0729

MingJingNews
	MingJingNews	amnestychinese	Cos_similarity=0.0348
	MingJingNews	BobFu4China	Cos_similarity=0.0564
	MingJingNews	caijingxiang	Cos_similarity=0.1141
	MingJingNews	CaoChangqing	Cos_similarity=0.0728
	MingJingNews	caojitw	Cos_similarity=0.1219
	MingJingNews	chenpokong	Cos_similarity=0.0309
	MingJingNews	fangzheng1989	Cos_similarity=0.0029
	MingJingNews	GaoFalin	Cos_similarity=0.1852
	MingJingNews	gaoyu200812	Cos_similarity=0.0536
	MingJingNews	HeQinglian	Cos_similarity=0.1091
	MingJingNews	HuPing1	Cos_similarity=0.1755
	MingJingNews	juntaowang	Cos_similarity=0.0690
	MingJingNews	lengshanshipin	Cos_similarity=0.0283
	MingJingNews	lianchaohan	Cos_similarity=0.0733
	MingJingNews	liyiping1911	Cos_similarity=0.0364
	MingJingNews	milpitas95035	Cos_similarity=0.0617
	MingJingNews	MJTVxchen15	Cos_similarity=0.2046
	MingJingNews	realjiangfeng	Cos_similarity=0.0234
	MingJingNews	rongjian1957	Cos_similarity=0.0479
	MingJingNews	shijianxingzou	Cos_similarity=0.1143
	MingJingNews	tangbaiqiao	Cos_similarity=0.0111
	MingJingNews	wangdan1989	Cos_similarity=0.0835
	MingJingNews	wenzhaocomment	Cos_similarity=0.0353
	MingJingNews	wlixiong	Cos_similarity=0.0217
	MingJingNews	wongkim728	Cos_similarity=0.0371
	MingJingNews	wuerkaixi	Cos_similarity=0.0340
	MingJingNews	wuzuolai	Cos_similarity=0.1124
	MingJingNews	XiaYeliang	Cos_similarity=0.0674
	MingJingNews	yangjianli001	Cos_similarity=0.1036
Average cosine similarity=0.0732

MJTVxchen15
	MJTVxchen15	amnestychinese	Cos_similarity=0.0092
	MJTVxchen15	BobFu4China	Cos_similarity=0.0219
	MJTVxchen15	caijingxiang	Cos_similarity=0.0176
	MJTVxchen15	CaoChangqing	Cos_similarity=0.0236
	MJTVxchen15	caojitw	Cos_similarity=0.0167
	MJTVxchen15	chenpokong	Cos_similarity=0.0066
	MJTVxchen15	fangzheng1989	Cos_similarity=0.0024
	MJTVxchen15	GaoFalin	Cos_similarity=0.0385
	MJTVxchen15	gaoyu200812	Cos_similarity=0.0125
	MJTVxchen15	HeQinglian	Cos_similarity=0.0366
	MJTVxchen15	HuPing1	Cos_similarity=0.0997
	MJTVxchen15	juntaowang	Cos_similarity=0.0221
	MJTVxchen15	lengshanshipin	Cos_similarity=0.0035
	MJTVxchen15	lianchaohan	Cos_similarity=0.0285
	MJTVxchen15	liyiping1911	Cos_similarity=0.0118
	MJTVxchen15	milpitas95035	Cos_similarity=0.0276
	MJTVxchen15	MingJingNews	Cos_similarity=0.1774
	MJTVxchen15	realjiangfeng	Cos_similarity=0.0069
	MJTVxchen15	rongjian1957	Cos_similarity=0.0133
	MJTVxchen15	shijianxingzou	Cos_similarity=0.0545
	MJTVxchen15	tangbaiqiao	Cos_similarity=0.0072
	MJTVxchen15	wangdan1989	Cos_similarity=0.0201
	MJTVxchen15	wenzhaocomment	Cos_similarity=0.0114
	MJTVxchen15	wlixiong	Cos_similarity=0.0048
	MJTVxchen15	wongkim728	Cos_similarity=0.0133
	MJTVxchen15	wuerkaixi	Cos_similarity=0.0106
	MJTVxchen15	wuzuolai	Cos_similarity=0.0396
	MJTVxchen15	XiaYeliang	Cos_similarity=0.0160
	MJTVxchen15	yangjianli001	Cos_similarity=0.0308
Average cosine similarity=0.0271

realjiangfeng
	realjiangfeng	amnestychinese	Cos_similarity=0.0047
	realjiangfeng	BobFu4China	Cos_similarity=0.0110
	realjiangfeng	caijingxiang	Cos_similarity=0.0181
	realjiangfeng	CaoChangqing	Cos_similarity=0.0242
	realjiangfeng	caojitw	Cos_similarity=0.0206
	realjiangfeng	chenpokong	Cos_similarity=0.0215
	realjiangfeng	fangzheng1989	Cos_similarity=0.0050
	realjiangfeng	GaoFalin	Cos_similarity=0.0235
	realjiangfeng	gaoyu200812	Cos_similarity=0.0123
	realjiangfeng	HeQinglian	Cos_similarity=0.0288
	realjiangfeng	HuPing1	Cos_similarity=0.0299
	realjiangfeng	juntaowang	Cos_similarity=0.0174
	realjiangfeng	lengshanshipin	Cos_similarity=0.0146
	realjiangfeng	lianchaohan	Cos_similarity=0.0166
	realjiangfeng	liyiping1911	Cos_similarity=0.0084
	realjiangfeng	milpitas95035	Cos_similarity=0.0343
	realjiangfeng	MingJingNews	Cos_similarity=0.0216
	realjiangfeng	MJTVxchen15	Cos_similarity=0.0072
	realjiangfeng	rongjian1957	Cos_similarity=0.0107
	realjiangfeng	shijianxingzou	Cos_similarity=0.0356
	realjiangfeng	tangbaiqiao	Cos_similarity=0.0065
	realjiangfeng	wangdan1989	Cos_similarity=0.0141
	realjiangfeng	wenzhaocomment	Cos_similarity=0.0261
	realjiangfeng	wlixiong	Cos_similarity=0.0060
	realjiangfeng	wongkim728	Cos_similarity=0.0404
	realjiangfeng	wuerkaixi	Cos_similarity=0.0066
	realjiangfeng	wuzuolai	Cos_similarity=0.0265
	realjiangfeng	XiaYeliang	Cos_similarity=0.0075
	realjiangfeng	yangjianli001	Cos_similarity=0.0193
Average cosine similarity=0.0179

rongjian1957
	rongjian1957	amnestychinese	Cos_similarity=0.0306
	rongjian1957	BobFu4China	Cos_similarity=0.0438
	rongjian1957	caijingxiang	Cos_similarity=0.0884
	rongjian1957	CaoChangqing	Cos_similarity=0.0702
	rongjian1957	caojitw	Cos_similarity=0.0746
	rongjian1957	chenpokong	Cos_similarity=0.0421
	rongjian1957	fangzheng1989	Cos_similarity=0.0391
	rongjian1957	GaoFalin	Cos_similarity=0.1083
	rongjian1957	gaoyu200812	Cos_similarity=0.1181
	rongjian1957	HeQinglian	Cos_similarity=0.1328
	rongjian1957	HuPing1	Cos_similarity=0.1297
	rongjian1957	juntaowang	Cos_similarity=0.1011
	rongjian1957	lengshanshipin	Cos_similarity=0.0114
	rongjian1957	lianchaohan	Cos_similarity=0.0698
	rongjian1957	liyiping1911	Cos_similarity=0.0368
	rongjian1957	milpitas95035	Cos_similarity=0.0347
	rongjian1957	MingJingNews	Cos_similarity=0.0545
	rongjian1957	MJTVxchen15	Cos_similarity=0.0169
	rongjian1957	realjiangfeng	Cos_similarity=0.0131
	rongjian1957	shijianxingzou	Cos_similarity=0.1159
	rongjian1957	tangbaiqiao	Cos_similarity=0.0130
	rongjian1957	wangdan1989	Cos_similarity=0.0496
	rongjian1957	wenzhaocomment	Cos_similarity=0.0467
	rongjian1957	wlixiong	Cos_similarity=0.0306
	rongjian1957	wongkim728	Cos_similarity=0.0282
	rongjian1957	wuerkaixi	Cos_similarity=0.0402
	rongjian1957	wuzuolai	Cos_similarity=0.1538
	rongjian1957	XiaYeliang	Cos_similarity=0.0427
	rongjian1957	yangjianli001	Cos_similarity=0.0733
Average cosine similarity=0.0624

shijianxingzou
	shijianxingzou	amnestychinese	Cos_similarity=0.0753
	shijianxingzou	BobFu4China	Cos_similarity=0.1576
	shijianxingzou	caijingxiang	Cos_similarity=0.1736
	shijianxingzou	CaoChangqing	Cos_similarity=0.2167
	shijianxingzou	caojitw	Cos_similarity=0.1597
	shijianxingzou	chenpokong	Cos_similarity=0.0245
	shijianxingzou	fangzheng1989	Cos_similarity=0.0105
	shijianxingzou	GaoFalin	Cos_similarity=0.1632
	shijianxingzou	gaoyu200812	Cos_similarity=0.0841
	shijianxingzou	HeQinglian	Cos_similarity=0.3318
	shijianxingzou	HuPing1	Cos_similarity=0.2567
	shijianxingzou	juntaowang	Cos_similarity=0.1737
	shijianxingzou	lengshanshipin	Cos_similarity=0.0231
	shijianxingzou	lianchaohan	Cos_similarity=0.2118
	shijianxingzou	liyiping1911	Cos_similarity=0.0677
	shijianxingzou	milpitas95035	Cos_similarity=0.1799
	shijianxingzou	MingJingNews	Cos_similarity=0.1191
	shijianxingzou	MJTVxchen15	Cos_similarity=0.0661
	shijianxingzou	realjiangfeng	Cos_similarity=0.0373
	shijianxingzou	rongjian1957	Cos_similarity=0.1096
	shijianxingzou	tangbaiqiao	Cos_similarity=0.0452
	shijianxingzou	wangdan1989	Cos_similarity=0.1170
	shijianxingzou	wenzhaocomment	Cos_similarity=0.0932
	shijianxingzou	wlixiong	Cos_similarity=0.0480
	shijianxingzou	wongkim728	Cos_similarity=0.0662
	shijianxingzou	wuerkaixi	Cos_similarity=0.0644
	shijianxingzou	wuzuolai	Cos_similarity=0.3093
	shijianxingzou	XiaYeliang	Cos_similarity=0.0702
	shijianxingzou	yangjianli001	Cos_similarity=0.2524
Average cosine similarity=0.1279

tangbaiqiao
	tangbaiqiao	amnestychinese	Cos_similarity=0.0106
	tangbaiqiao	BobFu4China	Cos_similarity=0.0169
	tangbaiqiao	caijingxiang	Cos_similarity=0.0163
	tangbaiqiao	CaoChangqing	Cos_similarity=0.0278
	tangbaiqiao	caojitw	Cos_similarity=0.0212
	tangbaiqiao	chenpokong	Cos_similarity=0.0033
	tangbaiqiao	fangzheng1989	Cos_similarity=0.0037
	tangbaiqiao	GaoFalin	Cos_similarity=0.0227
	tangbaiqiao	gaoyu200812	Cos_similarity=0.0110
	tangbaiqiao	HeQinglian	Cos_similarity=0.0501
	tangbaiqiao	HuPing1	Cos_similarity=0.0358
	tangbaiqiao	juntaowang	Cos_similarity=0.0205
	tangbaiqiao	lengshanshipin	Cos_similarity=0.0024
	tangbaiqiao	lianchaohan	Cos_similarity=0.0229
	tangbaiqiao	liyiping1911	Cos_similarity=0.0074
	tangbaiqiao	milpitas95035	Cos_similarity=0.0253
	tangbaiqiao	MingJingNews	Cos_similarity=0.0139
	tangbaiqiao	MJTVxchen15	Cos_similarity=0.0101
	tangbaiqiao	realjiangfeng	Cos_similarity=0.0087
	tangbaiqiao	rongjian1957	Cos_similarity=0.0143
	tangbaiqiao	shijianxingzou	Cos_similarity=0.0525
	tangbaiqiao	wangdan1989	Cos_similarity=0.0194
	tangbaiqiao	wenzhaocomment	Cos_similarity=0.0125
	tangbaiqiao	wlixiong	Cos_similarity=0.0151
	tangbaiqiao	wongkim728	Cos_similarity=0.0110
	tangbaiqiao	wuerkaixi	Cos_similarity=0.0078
	tangbaiqiao	wuzuolai	Cos_similarity=0.0506
	tangbaiqiao	XiaYeliang	Cos_similarity=0.0102
	tangbaiqiao	yangjianli001	Cos_similarity=0.0459
Average cosine similarity=0.0197

wangdan1989
	wangdan1989	amnestychinese	Cos_similarity=0.0421
	wangdan1989	BobFu4China	Cos_similarity=0.0719
	wangdan1989	caijingxiang	Cos_similarity=0.0556
	wangdan1989	CaoChangqing	Cos_similarity=0.0613
	wangdan1989	caojitw	Cos_similarity=0.0780
	wangdan1989	chenpokong	Cos_similarity=0.0746
	wangdan1989	fangzheng1989	Cos_similarity=0.0027
	wangdan1989	GaoFalin	Cos_similarity=0.0896
	wangdan1989	gaoyu200812	Cos_similarity=0.0532
	wangdan1989	HeQinglian	Cos_similarity=0.1113
	wangdan1989	HuPing1	Cos_similarity=0.1172
	wangdan1989	juntaowang	Cos_similarity=0.1047
	wangdan1989	lengshanshipin	Cos_similarity=0.0159
	wangdan1989	lianchaohan	Cos_similarity=0.0646
	wangdan1989	liyiping1911	Cos_similarity=0.0397
	wangdan1989	milpitas95035	Cos_similarity=0.0489
	wangdan1989	MingJingNews	Cos_similarity=0.0860
	wangdan1989	MJTVxchen15	Cos_similarity=0.0231
	wangdan1989	realjiangfeng	Cos_similarity=0.0157
	wangdan1989	rongjian1957	Cos_similarity=0.0452
	wangdan1989	shijianxingzou	Cos_similarity=0.1113
	wangdan1989	tangbaiqiao	Cos_similarity=0.0160
	wangdan1989	wenzhaocomment	Cos_similarity=0.0383
	wangdan1989	wlixiong	Cos_similarity=0.0247
	wangdan1989	wongkim728	Cos_similarity=0.0439
	wangdan1989	wuerkaixi	Cos_similarity=0.0497
	wangdan1989	wuzuolai	Cos_similarity=0.1168
	wangdan1989	XiaYeliang	Cos_similarity=0.0275
	wangdan1989	yangjianli001	Cos_similarity=0.0924
Average cosine similarity=0.0594

wenzhaocomment
	wenzhaocomment	amnestychinese	Cos_similarity=0.0204
	wenzhaocomment	BobFu4China	Cos_similarity=0.0414
	wenzhaocomment	caijingxiang	Cos_similarity=0.0533
	wenzhaocomment	CaoChangqing	Cos_similarity=0.0614
	wenzhaocomment	caojitw	Cos_similarity=0.0512
	wenzhaocomment	chenpokong	Cos_similarity=0.0370
	wenzhaocomment	fangzheng1989	Cos_similarity=0.0030
	wenzhaocomment	GaoFalin	Cos_similarity=0.0709
	wenzhaocomment	gaoyu200812	Cos_similarity=0.0345
	wenzhaocomment	HeQinglian	Cos_similarity=0.1076
	wenzhaocomment	HuPing1	Cos_similarity=0.1030
	wenzhaocomment	juntaowang	Cos_similarity=0.0784
	wenzhaocomment	lengshanshipin	Cos_similarity=0.0213
	wenzhaocomment	lianchaohan	Cos_similarity=0.0441
	wenzhaocomment	liyiping1911	Cos_similarity=0.0294
	wenzhaocomment	milpitas95035	Cos_similarity=0.0470
	wenzhaocomment	MingJingNews	Cos_similarity=0.0420
	wenzhaocomment	MJTVxchen15	Cos_similarity=0.0153
	wenzhaocomment	realjiangfeng	Cos_similarity=0.0338
	wenzhaocomment	rongjian1957	Cos_similarity=0.0493
	wenzhaocomment	shijianxingzou	Cos_similarity=0.1053
	wenzhaocomment	tangbaiqiao	Cos_similarity=0.0121
	wenzhaocomment	wangdan1989	Cos_similarity=0.0443
	wenzhaocomment	wlixiong	Cos_similarity=0.0360
	wenzhaocomment	wongkim728	Cos_similarity=0.0470
	wenzhaocomment	wuerkaixi	Cos_similarity=0.0283
	wenzhaocomment	wuzuolai	Cos_similarity=0.1077
	wenzhaocomment	XiaYeliang	Cos_similarity=0.0274
	wenzhaocomment	yangjianli001	Cos_similarity=0.0551
Average cosine similarity=0.0485

wlixiong
	wlixiong	amnestychinese	Cos_similarity=0.0168
	wlixiong	BobFu4China	Cos_similarity=0.0262
	wlixiong	caijingxiang	Cos_similarity=0.0410
	wlixiong	CaoChangqing	Cos_similarity=0.0482
	wlixiong	caojitw	Cos_similarity=0.0570
	wlixiong	chenpokong	Cos_similarity=0.0093
	wlixiong	fangzheng1989	Cos_similarity=0.0015
	wlixiong	GaoFalin	Cos_similarity=0.0580
	wlixiong	gaoyu200812	Cos_similarity=0.0296
	wlixiong	HeQinglian	Cos_similarity=0.1057
	wlixiong	HuPing1	Cos_similarity=0.0944
	wlixiong	juntaowang	Cos_similarity=0.1179
	wlixiong	lengshanshipin	Cos_similarity=0.0078
	wlixiong	lianchaohan	Cos_similarity=0.0336
	wlixiong	liyiping1911	Cos_similarity=0.0261
	wlixiong	milpitas95035	Cos_similarity=0.0273
	wlixiong	MingJingNews	Cos_similarity=0.0299
	wlixiong	MJTVxchen15	Cos_similarity=0.0074
	wlixiong	realjiangfeng	Cos_similarity=0.0090
	wlixiong	rongjian1957	Cos_similarity=0.0372
	wlixiong	shijianxingzou	Cos_similarity=0.0612
	wlixiong	tangbaiqiao	Cos_similarity=0.0168
	wlixiong	wangdan1989	Cos_similarity=0.0330
	wlixiong	wenzhaocomment	Cos_similarity=0.0416
	wlixiong	wongkim728	Cos_similarity=0.0156
	wlixiong	wuerkaixi	Cos_similarity=0.0285
	wlixiong	wuzuolai	Cos_similarity=0.0962
	wlixiong	XiaYeliang	Cos_similarity=0.0219
	wlixiong	yangjianli001	Cos_similarity=0.0478
Average cosine similarity=0.0395

wongkim728
	wongkim728	amnestychinese	Cos_similarity=0.0114
	wongkim728	BobFu4China	Cos_similarity=0.0211
	wongkim728	caijingxiang	Cos_similarity=0.0470
	wongkim728	CaoChangqing	Cos_similarity=0.0219
	wongkim728	caojitw	Cos_similarity=0.0337
	wongkim728	chenpokong	Cos_similarity=0.0247
	wongkim728	fangzheng1989	Cos_similarity=0.0032
	wongkim728	GaoFalin	Cos_similarity=0.0306
	wongkim728	gaoyu200812	Cos_similarity=0.0154
	wongkim728	HeQinglian	Cos_similarity=0.0448
	wongkim728	HuPing1	Cos_similarity=0.0397
	wongkim728	juntaowang	Cos_similarity=0.0270
	wongkim728	lengshanshipin	Cos_similarity=0.0137
	wongkim728	lianchaohan	Cos_similarity=0.0350
	wongkim728	liyiping1911	Cos_similarity=0.0136
	wongkim728	milpitas95035	Cos_similarity=0.0370
	wongkim728	MingJingNews	Cos_similarity=0.0319
	wongkim728	MJTVxchen15	Cos_similarity=0.0147
	wongkim728	realjiangfeng	Cos_similarity=0.0391
	wongkim728	rongjian1957	Cos_similarity=0.0213
	wongkim728	shijianxingzou	Cos_similarity=0.0518
	wongkim728	tangbaiqiao	Cos_similarity=0.0076
	wongkim728	wangdan1989	Cos_similarity=0.0360
	wongkim728	wenzhaocomment	Cos_similarity=0.0329
	wongkim728	wlixiong	Cos_similarity=0.0097
	wongkim728	wuerkaixi	Cos_similarity=0.0109
	wongkim728	wuzuolai	Cos_similarity=0.0389
	wongkim728	XiaYeliang	Cos_similarity=0.0115
	wongkim728	yangjianli001	Cos_similarity=0.0347
Average cosine similarity=0.0262

wuerkaixi
	wuerkaixi	amnestychinese	Cos_similarity=0.0255
	wuerkaixi	BobFu4China	Cos_similarity=0.0301
	wuerkaixi	caijingxiang	Cos_similarity=0.0482
	wuerkaixi	CaoChangqing	Cos_similarity=0.0498
	wuerkaixi	caojitw	Cos_similarity=0.0621
	wuerkaixi	chenpokong	Cos_similarity=0.0073
	wuerkaixi	fangzheng1989	Cos_similarity=0.0054
	wuerkaixi	GaoFalin	Cos_similarity=0.0620
	wuerkaixi	gaoyu200812	Cos_similarity=0.0282
	wuerkaixi	HeQinglian	Cos_similarity=0.1031
	wuerkaixi	HuPing1	Cos_similarity=0.0969
	wuerkaixi	juntaowang	Cos_similarity=0.1067
	wuerkaixi	lengshanshipin	Cos_similarity=0.0045
	wuerkaixi	lianchaohan	Cos_similarity=0.0441
	wuerkaixi	liyiping1911	Cos_similarity=0.0288
	wuerkaixi	milpitas95035	Cos_similarity=0.0289
	wuerkaixi	MingJingNews	Cos_similarity=0.0398
	wuerkaixi	MJTVxchen15	Cos_similarity=0.0138
	wuerkaixi	realjiangfeng	Cos_similarity=0.0082
	wuerkaixi	rongjian1957	Cos_similarity=0.0412
	wuerkaixi	shijianxingzou	Cos_similarity=0.0697
	wuerkaixi	tangbaiqiao	Cos_similarity=0.0072
	wuerkaixi	wangdan1989	Cos_similarity=0.0561
	wuerkaixi	wenzhaocomment	Cos_similarity=0.0274
	wuerkaixi	wlixiong	Cos_similarity=0.0239
	wuerkaixi	wongkim728	Cos_similarity=0.0147
	wuerkaixi	wuzuolai	Cos_similarity=0.1034
	wuerkaixi	XiaYeliang	Cos_similarity=0.0186
	wuerkaixi	yangjianli001	Cos_similarity=0.0534
Average cosine similarity=0.0417

wuzuolai
	wuzuolai	amnestychinese	Cos_similarity=0.0817
	wuzuolai	BobFu4China	Cos_similarity=0.1353
	wuzuolai	caijingxiang	Cos_similarity=0.1462
	wuzuolai	CaoChangqing	Cos_similarity=0.2118
	wuzuolai	caojitw	Cos_similarity=0.1500
	wuzuolai	chenpokong	Cos_similarity=0.0216
	wuzuolai	fangzheng1989	Cos_similarity=0.0111
	wuzuolai	GaoFalin	Cos_similarity=0.1888
	wuzuolai	gaoyu200812	Cos_similarity=0.1073
	wuzuolai	HeQinglian	Cos_similarity=0.3370
	wuzuolai	HuPing1	Cos_similarity=0.3049
	wuzuolai	juntaowang	Cos_similarity=0.2558
	wuzuolai	lengshanshipin	Cos_similarity=0.0197
	wuzuolai	lianchaohan	Cos_similarity=0.1553
	wuzuolai	liyiping1911	Cos_similarity=0.0835
	wuzuolai	milpitas95035	Cos_similarity=0.1072
	wuzuolai	MingJingNews	Cos_similarity=0.1154
	wuzuolai	MJTVxchen15	Cos_similarity=0.0453
	wuzuolai	realjiangfeng	Cos_similarity=0.0294
	wuzuolai	rongjian1957	Cos_similarity=0.1386
	wuzuolai	shijianxingzou	Cos_similarity=0.2917
	wuzuolai	tangbaiqiao	Cos_similarity=0.0408
	wuzuolai	wangdan1989	Cos_similarity=0.1114
	wuzuolai	wenzhaocomment	Cos_similarity=0.0936
	wuzuolai	wlixiong	Cos_similarity=0.0709
	wuzuolai	wongkim728	Cos_similarity=0.0466
	wuzuolai	wuerkaixi	Cos_similarity=0.0901
	wuzuolai	XiaYeliang	Cos_similarity=0.0765
	wuzuolai	yangjianli001	Cos_similarity=0.1817
Average cosine similarity=0.1258

XiaYeliang
	XiaYeliang	amnestychinese	Cos_similarity=0.0160
	XiaYeliang	BobFu4China	Cos_similarity=0.0266
	XiaYeliang	caijingxiang	Cos_similarity=0.0518
	XiaYeliang	CaoChangqing	Cos_similarity=0.0475
	XiaYeliang	caojitw	Cos_similarity=0.0511
	XiaYeliang	chenpokong	Cos_similarity=0.0099
	XiaYeliang	fangzheng1989	Cos_similarity=0.0008
	XiaYeliang	GaoFalin	Cos_similarity=0.0554
	XiaYeliang	gaoyu200812	Cos_similarity=0.0361
	XiaYeliang	HeQinglian	Cos_similarity=0.0912
	XiaYeliang	HuPing1	Cos_similarity=0.0635
	XiaYeliang	juntaowang	Cos_similarity=0.0587
	XiaYeliang	lengshanshipin	Cos_similarity=0.0058
	XiaYeliang	lianchaohan	Cos_similarity=0.0309
	XiaYeliang	liyiping1911	Cos_similarity=0.0182
	XiaYeliang	milpitas95035	Cos_similarity=0.0267
	XiaYeliang	MingJingNews	Cos_similarity=0.0655
	XiaYeliang	MJTVxchen15	Cos_similarity=0.0182
	XiaYeliang	realjiangfeng	Cos_similarity=0.0082
	XiaYeliang	rongjian1957	Cos_similarity=0.0384
	XiaYeliang	shijianxingzou	Cos_similarity=0.0656
	XiaYeliang	tangbaiqiao	Cos_similarity=0.0083
	XiaYeliang	wangdan1989	Cos_similarity=0.0271
	XiaYeliang	wenzhaocomment	Cos_similarity=0.0232
	XiaYeliang	wlixiong	Cos_similarity=0.0162
	XiaYeliang	wongkim728	Cos_similarity=0.0135
	XiaYeliang	wuerkaixi	Cos_similarity=0.0164
	XiaYeliang	wuzuolai	Cos_similarity=0.0756
	XiaYeliang	yangjianli001	Cos_similarity=0.0373
Average cosine similarity=0.0346

yangjianli001
	yangjianli001	amnestychinese	Cos_similarity=0.0799
	yangjianli001	BobFu4China	Cos_similarity=0.1123
	yangjianli001	caijingxiang	Cos_similarity=0.0999
	yangjianli001	CaoChangqing	Cos_similarity=0.0986
	yangjianli001	caojitw	Cos_similarity=0.1009
	yangjianli001	chenpokong	Cos_similarity=0.0188
	yangjianli001	fangzheng1989	Cos_similarity=0.0071
	yangjianli001	GaoFalin	Cos_similarity=0.1255
	yangjianli001	gaoyu200812	Cos_similarity=0.0627
	yangjianli001	HeQinglian	Cos_similarity=0.1684
	yangjianli001	HuPing1	Cos_similarity=0.2007
	yangjianli001	juntaowang	Cos_similarity=0.1308
	yangjianli001	lengshanshipin	Cos_similarity=0.0114
	yangjianli001	lianchaohan	Cos_similarity=0.1862
	yangjianli001	liyiping1911	Cos_similarity=0.0503
	yangjianli001	milpitas95035	Cos_similarity=0.1311
	yangjianli001	MingJingNews	Cos_similarity=0.1053
	yangjianli001	MJTVxchen15	Cos_similarity=0.0361
	yangjianli001	realjiangfeng	Cos_similarity=0.0216
	yangjianli001	rongjian1957	Cos_similarity=0.0676
	yangjianli001	shijianxingzou	Cos_similarity=0.2443
	yangjianli001	tangbaiqiao	Cos_similarity=0.0380
	yangjianli001	wangdan1989	Cos_similarity=0.0940
	yangjianli001	wenzhaocomment	Cos_similarity=0.0482
	yangjianli001	wlixiong	Cos_similarity=0.0361
	yangjianli001	wongkim728	Cos_similarity=0.0426
	yangjianli001	wuerkaixi	Cos_similarity=0.0478
	yangjianli001	wuzuolai	Cos_similarity=0.1870
	yangjianli001	XiaYeliang	Cos_similarity=0.0383
Average cosine similarity=0.0894

